INFO :StellaAIRLoad v.1.10.2
CONFIG :Runmode: LIVE
INFO :START Thu Aug 30 08:00:05 GMT+01:00 2018
CONFIG :Access mode: Database JServer mode
CONFIG :Name         => Stella AIR Load
CONFIG :Version      => 1
CONFIG :LogPath      => /data/logs/stella/
CONFIG :FilePath     => /data/stella/airfiles/
CONFIG :Backuppath   => /data/stella/backup/
CONFIG :Recyclepath  => /data/stella/airrecycle/
CONFIG :Errorpath    => /data/stella/error/
INFO :Debug mode set
INFO :data :/data/stella/airfiles exists OK.
INFO :data :/data/stella/backup exists OK.
INFO :data :/data/stella/airrecycle exists OK.
INFO :data :'/data/stella/error' exists OK.
INFO :54 files in data directory.
FINE :List of files to be processed:
INFO :spec0467031.AIR  Thu Aug 30 07:00:07 GMT+01:00 2018
INFO :spec0467032.AIR  Thu Aug 30 07:00:07 GMT+01:00 2018
INFO :spec0467033.AIR  Thu Aug 30 07:00:07 GMT+01:00 2018
INFO :spec0467034.AIR  Thu Aug 30 07:00:07 GMT+01:00 2018
INFO :spec0467035.AIR  Thu Aug 30 07:00:07 GMT+01:00 2018
INFO :spec0467036.AIR  Thu Aug 30 07:00:07 GMT+01:00 2018
INFO :spec0467037.AIR  Thu Aug 30 07:00:07 GMT+01:00 2018
INFO :spec0467038.AIR  Thu Aug 30 07:00:07 GMT+01:00 2018
INFO :spec0467039.AIR  Thu Aug 30 07:00:07 GMT+01:00 2018
INFO :spec0467040.AIR  Thu Aug 30 07:00:07 GMT+01:00 2018
INFO :spec0467041.AIR  Thu Aug 30 07:00:07 GMT+01:00 2018
INFO :spec0467042.AIR  Thu Aug 30 07:00:07 GMT+01:00 2018
INFO :spec0467043.AIR  Thu Aug 30 07:00:07 GMT+01:00 2018
INFO :spec0467044.AIR  Thu Aug 30 07:00:07 GMT+01:00 2018
INFO :spec0467045.AIR  Thu Aug 30 07:00:07 GMT+01:00 2018
INFO :spec0467046.AIR  Thu Aug 30 07:00:07 GMT+01:00 2018
INFO :spec0467047.AIR  Thu Aug 30 07:00:07 GMT+01:00 2018
INFO :spec0467048.AIR  Thu Aug 30 07:00:07 GMT+01:00 2018
INFO :spec0467049.AIR  Thu Aug 30 07:00:07 GMT+01:00 2018
INFO :spec0467050.AIR  Thu Aug 30 07:00:07 GMT+01:00 2018
INFO :spec0467051.AIR  Thu Aug 30 07:00:07 GMT+01:00 2018
INFO :spec0467052.AIR  Thu Aug 30 07:00:07 GMT+01:00 2018
INFO :spec0467053.AIR  Thu Aug 30 07:00:07 GMT+01:00 2018
INFO :spec0467054.AIR  Thu Aug 30 07:00:07 GMT+01:00 2018
INFO :spec0467055.AIR  Thu Aug 30 07:00:07 GMT+01:00 2018
INFO :spec0467056.AIR  Thu Aug 30 07:00:07 GMT+01:00 2018
INFO :spec0467057.AIR  Thu Aug 30 07:00:07 GMT+01:00 2018
INFO :spec0467058.AIR  Thu Aug 30 07:00:07 GMT+01:00 2018
INFO :spec0467059.AIR  Thu Aug 30 07:00:07 GMT+01:00 2018
INFO :spec0467060.AIR  Thu Aug 30 07:00:07 GMT+01:00 2018
INFO :spec0467061.AIR  Thu Aug 30 07:00:07 GMT+01:00 2018
INFO :spec0467062.AIR  Thu Aug 30 07:00:07 GMT+01:00 2018
INFO :spec0467063.AIR  Thu Aug 30 07:00:07 GMT+01:00 2018
INFO :spec0467064.AIR  Thu Aug 30 07:00:07 GMT+01:00 2018
INFO :spec0467065.AIR  Thu Aug 30 07:00:07 GMT+01:00 2018
INFO :spec0467066.AIR  Thu Aug 30 07:00:07 GMT+01:00 2018
INFO :spec0467067.AIR  Thu Aug 30 07:00:07 GMT+01:00 2018
INFO :spec0467068.AIR  Thu Aug 30 07:00:07 GMT+01:00 2018
INFO :spec0467069.AIR  Thu Aug 30 07:00:07 GMT+01:00 2018
INFO :spec0467070.AIR  Thu Aug 30 07:00:07 GMT+01:00 2018
INFO :spec0467071.AIR  Thu Aug 30 07:00:07 GMT+01:00 2018
INFO :spec0467072.AIR  Thu Aug 30 07:00:07 GMT+01:00 2018
INFO :spec0467073.AIR  Thu Aug 30 07:00:07 GMT+01:00 2018
INFO :spec0467074.AIR  Thu Aug 30 07:00:07 GMT+01:00 2018
INFO :spec0467075.AIR  Thu Aug 30 07:00:07 GMT+01:00 2018
INFO :spec0467076.AIR  Thu Aug 30 07:00:07 GMT+01:00 2018
INFO :spec0467077.AIR  Thu Aug 30 07:00:07 GMT+01:00 2018
INFO :spec0467078.AIR  Thu Aug 30 07:00:07 GMT+01:00 2018
INFO :spec0467079.AIR  Thu Aug 30 07:00:07 GMT+01:00 2018
INFO :spec0467080.AIR  Thu Aug 30 07:00:07 GMT+01:00 2018
INFO :spec0467081.AIR  Thu Aug 30 07:00:07 GMT+01:00 2018
INFO :spec0467082.AIR  Thu Aug 30 07:00:07 GMT+01:00 2018
INFO :spec0467083.AIR  Thu Aug 30 07:00:07 GMT+01:00 2018
INFO :spec0467084.AIR  Thu Aug 30 07:00:07 GMT+01:00 2018
FINE :
INFO :File 1 :/data/stella/airfiles/spec0467031.AIR 465 bytes at:Thu Aug 30 08:00:05 GMT+01:00 2018
FINEST :F:spec0467031.AIR
FINEST :AIR-BLK207;RF;;188;0000000000;1A1260903;001001
FINEST :AMD 2900878515;1/1;    29AUG;WSSU
FINEST :GW4470525;1A1260903
FINEST :MUC1A          ;  01;LONFC38HJ;91278401;;;;;LONFC38HJ;91278401;;;;;;;;;;;;;;;;;;;;;;
FINEST :B-TRFP
FINEST :C-7906/ 9996WSSU-3093ANSU----
FINEST :D-180601;180829;180829
FINEST :RFDL;01JUN18;I;GBP2.93;0.00;2.93;;;;;;XT0.00;2.93;
FINEST :I-001;01FORD/JESSICA MISS;;;;
FINEST :TMCD176-3010908039
FINEST :R-176-3010908039;29AUG18
FINEST :SAC01769800134455
FINEST :MFO1765329395947LON12APR1891278401
FINEST :MFPNONREFAGT/GBP2.93
FINEST :ENDX
FINE :pos of 9th semicolon in muc1a is 53
FINE :iata num 91278401
FINE :pos1 for LONFC is 21
FINE :pseudocity code 38HJ
FINE :recTicketAgent AN
FINE :tktIssueYear 18
FINE :tktIssueYear 2018
FINE :recTicketDate 180829
FINE :recPNRdate 180601
FINEST :inside TMCD
FINEST :TMCD line : TMCD176-3010908039
SEVERE :SYSTEM FAILURE F:spec0467031.AIR failed while processing TMCD record. [Exception class java.lang.StringIndexOutOfBoundsException String index out of range: -5]
SEVERE :java.lang.StringIndexOutOfBoundsException: String index out of range: -5
	at java.lang.String.substring(String.java:1444)
	at uk.co.firstchoice.stella.StellaAIRLoad.processFile(StellaAIRLoad:2216)
	at uk.co.firstchoice.stella.StellaAIRLoad.runLoad(StellaAIRLoad:540)

SEVERE :CRITICAL ERROR datafile /data/stella/airfiles/spec0467031.AIR failed, renamed as error file
