INFO :StellaAIRLoad v.1.10.2
CONFIG :Runmode: LIVE
INFO :START Thu Aug 30 07:58:15 GMT+01:00 2018
CONFIG :Access mode: Database JServer mode
CONFIG :Name         => Stella AIR Load
CONFIG :Version      => 1
CONFIG :LogPath      => /data/logs/stella/
CONFIG :FilePath     => /data/stella/airfiles/
CONFIG :Backuppath   => /data/stella/backup/
CONFIG :Recyclepath  => /data/stella/airrecycle/
CONFIG :Errorpath    => /data/stella/error/
INFO :Debug mode set
INFO :data :/data/stella/airfiles exists OK.
INFO :data :/data/stella/backup exists OK.
INFO :data :/data/stella/airrecycle exists OK.
INFO :data :'/data/stella/error' exists OK.
INFO :56 files in data directory.
FINE :List of files to be processed:
INFO :spec0467029.AIR  Thu Aug 30 07:00:07 GMT+01:00 2018
INFO :spec0467030.AIR  Thu Aug 30 07:00:07 GMT+01:00 2018
INFO :spec0467031.AIR  Thu Aug 30 07:00:07 GMT+01:00 2018
INFO :spec0467032.AIR  Thu Aug 30 07:00:07 GMT+01:00 2018
INFO :spec0467033.AIR  Thu Aug 30 07:00:07 GMT+01:00 2018
INFO :spec0467034.AIR  Thu Aug 30 07:00:07 GMT+01:00 2018
INFO :spec0467035.AIR  Thu Aug 30 07:00:07 GMT+01:00 2018
INFO :spec0467036.AIR  Thu Aug 30 07:00:07 GMT+01:00 2018
INFO :spec0467037.AIR  Thu Aug 30 07:00:07 GMT+01:00 2018
INFO :spec0467038.AIR  Thu Aug 30 07:00:07 GMT+01:00 2018
INFO :spec0467039.AIR  Thu Aug 30 07:00:07 GMT+01:00 2018
INFO :spec0467040.AIR  Thu Aug 30 07:00:07 GMT+01:00 2018
INFO :spec0467041.AIR  Thu Aug 30 07:00:07 GMT+01:00 2018
INFO :spec0467042.AIR  Thu Aug 30 07:00:07 GMT+01:00 2018
INFO :spec0467043.AIR  Thu Aug 30 07:00:07 GMT+01:00 2018
INFO :spec0467044.AIR  Thu Aug 30 07:00:07 GMT+01:00 2018
INFO :spec0467045.AIR  Thu Aug 30 07:00:07 GMT+01:00 2018
INFO :spec0467046.AIR  Thu Aug 30 07:00:07 GMT+01:00 2018
INFO :spec0467047.AIR  Thu Aug 30 07:00:07 GMT+01:00 2018
INFO :spec0467048.AIR  Thu Aug 30 07:00:07 GMT+01:00 2018
INFO :spec0467049.AIR  Thu Aug 30 07:00:07 GMT+01:00 2018
INFO :spec0467050.AIR  Thu Aug 30 07:00:07 GMT+01:00 2018
INFO :spec0467051.AIR  Thu Aug 30 07:00:07 GMT+01:00 2018
INFO :spec0467052.AIR  Thu Aug 30 07:00:07 GMT+01:00 2018
INFO :spec0467053.AIR  Thu Aug 30 07:00:07 GMT+01:00 2018
INFO :spec0467054.AIR  Thu Aug 30 07:00:07 GMT+01:00 2018
INFO :spec0467055.AIR  Thu Aug 30 07:00:07 GMT+01:00 2018
INFO :spec0467056.AIR  Thu Aug 30 07:00:07 GMT+01:00 2018
INFO :spec0467057.AIR  Thu Aug 30 07:00:07 GMT+01:00 2018
INFO :spec0467058.AIR  Thu Aug 30 07:00:07 GMT+01:00 2018
INFO :spec0467059.AIR  Thu Aug 30 07:00:07 GMT+01:00 2018
INFO :spec0467060.AIR  Thu Aug 30 07:00:07 GMT+01:00 2018
INFO :spec0467061.AIR  Thu Aug 30 07:00:07 GMT+01:00 2018
INFO :spec0467062.AIR  Thu Aug 30 07:00:07 GMT+01:00 2018
INFO :spec0467063.AIR  Thu Aug 30 07:00:07 GMT+01:00 2018
INFO :spec0467064.AIR  Thu Aug 30 07:00:07 GMT+01:00 2018
INFO :spec0467065.AIR  Thu Aug 30 07:00:07 GMT+01:00 2018
INFO :spec0467066.AIR  Thu Aug 30 07:00:07 GMT+01:00 2018
INFO :spec0467067.AIR  Thu Aug 30 07:00:07 GMT+01:00 2018
INFO :spec0467068.AIR  Thu Aug 30 07:00:07 GMT+01:00 2018
INFO :spec0467069.AIR  Thu Aug 30 07:00:07 GMT+01:00 2018
INFO :spec0467070.AIR  Thu Aug 30 07:00:07 GMT+01:00 2018
INFO :spec0467071.AIR  Thu Aug 30 07:00:07 GMT+01:00 2018
INFO :spec0467072.AIR  Thu Aug 30 07:00:07 GMT+01:00 2018
INFO :spec0467073.AIR  Thu Aug 30 07:00:07 GMT+01:00 2018
INFO :spec0467074.AIR  Thu Aug 30 07:00:07 GMT+01:00 2018
INFO :spec0467075.AIR  Thu Aug 30 07:00:07 GMT+01:00 2018
INFO :spec0467076.AIR  Thu Aug 30 07:00:07 GMT+01:00 2018
INFO :spec0467077.AIR  Thu Aug 30 07:00:07 GMT+01:00 2018
INFO :spec0467078.AIR  Thu Aug 30 07:00:07 GMT+01:00 2018
INFO :spec0467079.AIR  Thu Aug 30 07:00:07 GMT+01:00 2018
INFO :spec0467080.AIR  Thu Aug 30 07:00:07 GMT+01:00 2018
INFO :spec0467081.AIR  Thu Aug 30 07:00:07 GMT+01:00 2018
INFO :spec0467082.AIR  Thu Aug 30 07:00:07 GMT+01:00 2018
INFO :spec0467083.AIR  Thu Aug 30 07:00:07 GMT+01:00 2018
INFO :spec0467084.AIR  Thu Aug 30 07:00:07 GMT+01:00 2018
FINE :
INFO :File 1 :/data/stella/airfiles/spec0467029.AIR 4375 bytes at:Thu Aug 30 07:58:15 GMT+01:00 2018
FINEST :F:spec0467029.AIR
FINEST :AIR-BLK207;7A;;231;0000000000;1A1260903;001001
FINEST :AMD 2900878513;1/1;              
FINEST :1A1260903;1A1260903
FINEST :MUC1A TJK55U018;0202;LONFC38HJ;91278401;LONFC38HJ;91278401;LONFC38HJ;91278401;LONFC38HJ;91278401;;;;;;;;;;;;;;;;;;;;;;MH TJK55U
FINEST :A-MALAYSIA AIRLINES;MH 2321
FINEST :B-TTP/ET
FINEST :C-7906/ 9996WSSU-9996WSSU-M-1--
FINEST :D-180823;180829;180829
FINEST :G-   ;;BKISDK;MY
FINEST :H-001;003OBKI;KOTA KINABALU    ;SDK;SANDAKAN         ;MH    2042 N N 30MAY0705 0745 30MAY;OK02;HK02;R ;0;738;;;20K;1 ;;ET;0040 ;N;139;MY;MY;
FINEST :K-FMYR250.00     ;GBP47.00      ;;;;;;;;;;;GBP49.30      ;0.189953   ;;
FINEST :KFTF; GBP2.10     MY   ; GBP0.20     H8   ;;;;;;;;;;;;;;;;;;;;;;;;;;;;;;;;;;;;;;;;;;;;;;;;;;;;;;;;;;;
FINEST :TAX-GBP2.10     MY ;GBP0.20     H8 ;;
FINEST :L-*MH *
FINEST :M-NBCOWMY        
FINEST :O-30MAY30MAY
FINEST :Q-BKI MH SDK Q103.00 147.00MYR250.00END;FXP/S3/P1,2/PAX/R,U,FC-GBP,LON.LON,VC-MH,23AUG18/LI/ET
FINEST :I-002;01PADGETT/LOUISA MS(ADT);;APA-00441293845354//B-00441293845354//H-00441293845354;;
FINEST :SSR DOCS MH  HK1/////21JAN68/F//PADGETT/LOUISA;P1
FINEST :T-K232-2865840243
FINEST :FENONEND-MHBASIC VLD ON FLT DTE SHWN PENLTY APPLIES;S3;P1-2
FINEST :FM*M*0;S3;P1-2
FINEST :FPNONREFAGTL1193806;S3;P1-2
FINEST :FVMH;S3;P1-2
FINEST :TKOK29AUG/LONFC38HJ//ETMH
FINEST :RM TAXES 2.30ADT 0.00CHD 0.00INF GBP
FINEST :RM ##DL1193806
FINEST :RM REJECT AS PUBLISHED FARE
FINEST :RM VF 23082018 1336 MACRO REREAD TRAVELINK REFERENCE
FINEST :RM VF 23082018 1336 PNR AUTOMATED
FINEST :RM VF 23082018 1336 STORED FARE 23/08/2018 - ALL CAT35 0
FINEST :RM VF 23082018 1336 COMM
FINEST :RM VF 23082018 1336 NET - GBP ADT 94.00 2 X 47.00 - SUM
FINEST :RM VF 23082018 1336 94.00
FINEST :RM VF 23082018 1336 TAX SUM - GBP ADT 2.30 TOT
FINEST :RM VF 23082018 1336 TAXES - GBP ADT 2.10 MY 0.20 H8
FINEST :RM VF 23082018 1336 LAST TICKETING DATE 30/05/2019
FINEST :RM VF 23082018 1336 PROCESSED BY THE HJ AUTOMATOR
FINEST :RM VF 29082018 0946 MACRO REREAD TRAVELINK REFERENCE
FINEST :RM VF 29082018 0946 PNR AUTOMATED
FINEST :RM VF 29082018 0946 STORED FARE 23/08/2018 - ALL CAT35 0
FINEST :RM VF 29082018 0946 COMM
FINEST :RM VF 29082018 0946 NET - GBP ADT 94.00 2 X 47.00 - SUM
FINEST :RM VF 29082018 0946 94.00
FINEST :RM VF 29082018 0946 TAX SUM - GBP ADT 2.30 TOT
FINEST :RM VF 29082018 0946 TAXES - GBP ADT 2.10 MY 0.20 H8
FINEST :RM VF 29082018 0946 LAST TICKETING DATE 30/05/2019
FINEST :RM VF 29082018 0946 PROCESSED BY THE HJ AUTOMATOR
FINEST :RM VF 29082018 1016 PNR AUTOMATED
FINEST :RM VF 29082018 1016 STORED FARE 23/08/2018 - ALL CAT35 0
FINEST :RM VF 29082018 1016 COMM
FINEST :RM VF 29082018 1016 INVOICE NO -> L1193806
FINEST :RM VF 29082018 1016 NET - GBP ADT 94.00 2 X 47.00 - SUM
FINEST :RM VF 29082018 1016 94.00
FINEST :RM VF 29082018 1016 TAX SUM - GBP ADT 2.30 TOT
FINEST :RM VF 29082018 1016 TAXES - GBP ADT 2.10 MY 0.20 H8
FINEST :RM VF 29082018 1016 LAST TICKETING DATE 30/05/2019
FINEST :RM VF 29082018 1016 PROCESSED BY THE HJ AUTOMATOR
FINEST :I-003;02PATRICK/TRACEY MRS(ADT);;APA-00441293845354//B-00441293845354//H-00441293845354;;
FINEST :SSR DOCS MH  HK1/////15SEP58/F//PATRICK/TRACEY;P2
FINEST :T-K232-2865840244
FINEST :FENONEND-MHBASIC VLD ON FLT DTE SHWN PENLTY APPLIES;S3;P1-2
FINEST :FM*M*0;S3;P1-2
FINEST :FPNONREFAGTL1193806;S3;P1-2
FINEST :FVMH;S3;P1-2
FINEST :TKOK29AUG/LONFC38HJ//ETMH
FINEST :RM TAXES 2.30ADT 0.00CHD 0.00INF GBP
FINEST :RM ##DL1193806
FINEST :RM REJECT AS PUBLISHED FARE
FINEST :RM VF 23082018 1336 MACRO REREAD TRAVELINK REFERENCE
FINEST :RM VF 23082018 1336 PNR AUTOMATED
FINEST :RM VF 23082018 1336 STORED FARE 23/08/2018 - ALL CAT35 0
FINEST :RM VF 23082018 1336 COMM
FINEST :RM VF 23082018 1336 NET - GBP ADT 94.00 2 X 47.00 - SUM
FINEST :RM VF 23082018 1336 94.00
FINEST :RM VF 23082018 1336 TAX SUM - GBP ADT 2.30 TOT
FINEST :RM VF 23082018 1336 TAXES - GBP ADT 2.10 MY 0.20 H8
FINEST :RM VF 23082018 1336 LAST TICKETING DATE 30/05/2019
FINEST :RM VF 23082018 1336 PROCESSED BY THE HJ AUTOMATOR
FINEST :RM VF 29082018 0946 MACRO REREAD TRAVELINK REFERENCE
FINEST :RM VF 29082018 0946 PNR AUTOMATED
FINEST :RM VF 29082018 0946 STORED FARE 23/08/2018 - ALL CAT35 0
FINEST :RM VF 29082018 0946 COMM
FINEST :RM VF 29082018 0946 NET - GBP ADT 94.00 2 X 47.00 - SUM
FINEST :RM VF 29082018 0946 94.00
FINEST :RM VF 29082018 0946 TAX SUM - GBP ADT 2.30 TOT
FINEST :RM VF 29082018 0946 TAXES - GBP ADT 2.10 MY 0.20 H8
FINEST :RM VF 29082018 0946 LAST TICKETING DATE 30/05/2019
FINEST :RM VF 29082018 0946 PROCESSED BY THE HJ AUTOMATOR
FINEST :RM VF 29082018 1016 PNR AUTOMATED
FINEST :RM VF 29082018 1016 STORED FARE 23/08/2018 - ALL CAT35 0
FINEST :RM VF 29082018 1016 COMM
FINEST :RM VF 29082018 1016 INVOICE NO -> L1193806
FINEST :RM VF 29082018 1016 NET - GBP ADT 94.00 2 X 47.00 - SUM
FINEST :RM VF 29082018 1016 94.00
FINEST :RM VF 29082018 1016 TAX SUM - GBP ADT 2.30 TOT
FINEST :RM VF 29082018 1016 TAXES - GBP ADT 2.10 MY 0.20 H8
FINEST :RM VF 29082018 1016 LAST TICKETING DATE 30/05/2019
FINEST :RM VF 29082018 1016 PROCESSED BY THE HJ AUTOMATOR
FINEST :ENDX
FINE :pos of 9th semicolon in muc1a is 87
FINE :iata num 91278401
FINE :pos1 for LONFC is 21
FINE :pseudocity code 38HJ
FINE :recTicketAgent WS
FINE :tktIssueYear 18
FINE :tktIssueYear 2018
FINE :recTicketDate 180829
FINE :recPNRdate 180823
FINE :recDeptDate 30MAY
FINE :depYear 2019
FINE :recDeptDate 30MAY19
FINEST :K-F recSellingFare 47.00
FINE :recPublishedFare 47.00
FINE :recSellingFare 47.00
FINE :exchange and tax both not found
FINE :recGBtax 0
FINE :recUBtax 0
FINE :recRemainTax 2.30
FINE :recOtherTaxes  GBP2.10     MY   ; GBP0.20     H8   ;
FINEST :inside T-
FINEST :T- line : T-K232-2865840243
FINE :recTicketNo 2865840243
FINE :maxConjTktNum 2865840243
FINE :noOfConjTkts 1
FINEST :inside FP or RM record FP
FINEST :first 6 char: FPNONR
FINEST :inside FP
FINEST :FP line : FPNONREFAGTL1193806;S3;P1-2
FINE : FP group is L
FINE : FP booking ref is 1193806
FINEST :inside FP or RM record RM
FINEST :first 6 char: RM ##D
FINEST :inside RM
FINEST :RM line : RM ##DL1193806
FINE : RM group is L
FINE : RM booking ref is 1193806
FINEST :pax:1 PADGETT/LOUISA MS(ADT) tkt:2865840243
FINE :Booking Ref no before calling tlink is 1193806
FINE :group before calling tlink is L
FINE :pnr TJK55U
FINE :pnrdate 180823
FINE :recPseudoCityCode 38HJ
FINE :specialistPseudoList 38HJ,33CI,33MV,38TW,38TI,38TS,38JT,3100,3101,31FS
FINE :inside HJ
FINE :commamt debug 1 0
FINE :commpct debug 1 0.0
FINE :commamt debug 2 0
FINE :commpct debug 2 0.0
FINEST :EMDfound:false
FINEST :noOfTkts:1
FINE :recTicketDate 180829
FINEST :ins rec, pnr:TJK55U dep:Thu May 30 00:00:00 GMT+01:00 2019 origtkt:2865840243 tkt:2865840243 air:232 br:AAIR bkg:1193806 seas:Y19 etkt:Y ag:WS tour: pubamt:47.00 selamt:47.00 cmamt:0 cmpct:0.0 IATA:91278401 tktdt:Wed Aug 29 00:00:00 GMT+01:00 2018 numpax:1 gbtax:0 remtax:2.30 ubtax:0 ccy:GBP city:38HJ paxtype:AD pax:PADGETT/LOUISA MS(ADT) i/u:I exc: fb:NBCOWMY cj:N tickettype:K othertaxes: GBP2.10     MY   ; GBP0.20     H8   ; grp:L
FINEST :inside T-
FINEST :T- line : T-K232-2865840244
FINE :recTicketNo 2865840244
FINE :maxConjTktNum 2865840244
FINE :noOfConjTkts 1
FINEST :inside FP or RM record FP
FINEST :first 6 char: FPNONR
FINEST :inside FP
FINEST :FP line : FPNONREFAGTL1193806;S3;P1-2
FINE : FP group is L
FINE : FP booking ref is 1193806
FINEST :inside FP or RM record RM
FINEST :first 6 char: RM ##D
FINEST :inside RM
FINEST :RM line : RM ##DL1193806
FINE : RM group is L
FINE : RM booking ref is 1193806
FINEST :pax:2 PATRICK/TRACEY MRS(ADT) tkt:2865840244
FINE :Booking Ref no before calling tlink is 1193806
FINE :group before calling tlink is L
FINE :pnr TJK55U
FINE :pnrdate 180823
FINE :recPseudoCityCode 38HJ
FINE :specialistPseudoList 38HJ,33CI,33MV,38TW,38TI,38TS,38JT,3100,3101,31FS
FINE :inside HJ
FINE :commamt debug 1 0
FINE :commpct debug 1 0.0
FINE :commamt debug 2 0
FINE :commpct debug 2 0.0
FINEST :EMDfound:false
FINEST :noOfTkts:1
FINE :recTicketDate 180829
FINEST :ins rec, pnr:TJK55U dep:Thu May 30 00:00:00 GMT+01:00 2019 origtkt:2865840244 tkt:2865840244 air:232 br:AAIR bkg:1193806 seas:Y19 etkt:Y ag:WS tour: pubamt:47.00 selamt:47.00 cmamt:0 cmpct:0.0 IATA:91278401 tktdt:Wed Aug 29 00:00:00 GMT+01:00 2018 numpax:1 gbtax:0 remtax:2.30 ubtax:0 ccy:GBP city:38HJ paxtype:AD pax:PATRICK/TRACEY MRS(ADT) i/u:U exc: fb:NBCOWMY cj:N tickettype:K othertaxes: GBP2.10     MY   ; GBP0.20     H8   ; grp:L
FINE :/data/stella/airfiles/spec0467029.AIR processed OK
FINE :
INFO :File 2 :/data/stella/airfiles/spec0467030.AIR 463 bytes at:Thu Aug 30 07:58:16 GMT+01:00 2018
FINEST :F:spec0467030.AIR
FINEST :AIR-BLK207;RF;;188;0000000000;1A1260903;001001
FINEST :AMD 2900878514;1/1;    29AUG;WSSU
FINEST :GW4470525;1A1260903
FINEST :MUC1A          ;  01;LONFC38HJ;91278401;;;;;LONFC38HJ;91278401;;;;;;;;;;;;;;;;;;;;;;
FINEST :B-TRFP
FINEST :C-7906/ 9996WSSU-3093ANSU----
FINEST :D-180601;180829;180829
FINEST :RFDL;01JUN18;I;GBP2.93;0.00;2.93;;;;;;XT0.00;2.93;
FINEST :I-001;01PALMER/SHAUN MR;;;;
FINEST :TMCD176-3010908040
FINEST :R-176-3010908040;29AUG18
FINEST :SAC01769800134454
FINEST :MFO1765329395948LON12APR1891278401
FINEST :MFPNONREFAGT/GBP2.93
FINEST :ENDX
FINE :pos of 9th semicolon in muc1a is 53
FINE :iata num 91278401
FINE :pos1 for LONFC is 21
FINE :pseudocity code 38HJ
FINE :recTicketAgent AN
FINE :tktIssueYear 18
FINE :tktIssueYear 2018
FINE :recTicketDate 180829
FINE :recPNRdate 180601
FINEST :inside TMCD
FINEST :TMCD line : TMCD176-3010908040
SEVERE :SYSTEM FAILURE F:spec0467030.AIR failed while processing TMCD record. [Exception class java.lang.StringIndexOutOfBoundsException String index out of range: -5]
SEVERE :java.lang.StringIndexOutOfBoundsException: String index out of range: -5
	at java.lang.String.substring(String.java:1444)
	at uk.co.firstchoice.stella.StellaAIRLoad.processFile(StellaAIRLoad:2216)
	at uk.co.firstchoice.stella.StellaAIRLoad.runLoad(StellaAIRLoad:540)

SEVERE :CRITICAL ERROR datafile /data/stella/airfiles/spec0467030.AIR failed, renamed as error file
