INFO :StellaAIRLoad v.1.10.2
CONFIG :Runmode: LIVE
INFO :START Mon Sep 10 10:45:09 GMT+01:00 2018
CONFIG :Access mode: Database JServer mode
CONFIG :Name         => Stella AIR Load
CONFIG :Version      => 1
CONFIG :LogPath      => /Oracle/SECTOR/scripts/stella/log
CONFIG :FilePath     => /Oracle/SECTOR/data/reports/stella/airfiles
CONFIG :Backuppath   => /Oracle/SECTOR/data/reports/stella/backup
CONFIG :Recyclepath  => /Oracle/SECTOR/data/reports/stella/airrecycle
CONFIG :Errorpath    => /Oracle/SECTOR/data/reports/stella/error
INFO :Debug mode set
INFO :data :/Oracle/SECTOR/data/reports/stella/airfiles exists OK.
INFO :data :/Oracle/SECTOR/data/reports/stella/backup exists OK.
INFO :data :/Oracle/SECTOR/data/reports/stella/airrecycle exists OK.
INFO :data :'/Oracle/SECTOR/data/reports/stella/error' exists OK.
INFO :4 files in data directory.
FINE :List of files to be processed:
INFO :spec0462119.AIR  Mon Sep 10 10:45:06 GMT+01:00 2018
INFO :spec0462123.AIR  Mon Sep 10 10:45:06 GMT+01:00 2018
INFO :spec0462134.AIR  Mon Sep 10 10:45:06 GMT+01:00 2018
INFO :spec0462135.AIR  Mon Sep 10 10:45:06 GMT+01:00 2018
FINE :
INFO :File 1 :/Oracle/SECTOR/data/reports/stella/airfiles/spec0462119.AIR 2872 bytes at:Mon Sep 10 10:45:10 GMT+01:00 2018
FINEST :F:spec0462119.AIR
FINEST :AIR-BLK207;7A;;233;0000000000;1A1260903;001001
FINEST :AMD 1900873788;1/1;              
FINEST :1A1353113;1A1260903
FINEST :MUC1A OD47X2011;0202;LONVM3101;91234161;LONVM3101;91234161;LONVM3101;91234161;LONVM3101;91234161;01;;;;;;;;;;;;;;;;;;;;;MH OD47X2
FINEST :A-MALAYSIA AIRLINES;MH 2321
FINEST :B-TTP/RT
FINEST :C-7906/ 5062SCGS-3056JOSU-F-N--
FINEST :D-180718;180719;180719
FINEST :G-X  ;;LONLON;
FINEST :H-001;003OLHR;LONDON LHR       ;KUL;KUALA LUMPUR     ;MH    0001 V V 10DEC2125 1825 11DEC;OK02;HK02;M ;0;359;;;30K;4 ;;ET;1300 ;N;6592;GB;MY;M 
FINEST :H-002;004XKUL;KUALA LUMPUR     ;BNE;BRISBANE         ;MH    0135 V V 12DEC0950 2015 12DEC;OK02;HK02;M ;0;333;;;30K;M ;;ET;0825 ;N;4001;MY;AU;I 
FINEST :H-003;005OBNE;BRISBANE         ;KUL;KUALA LUMPUR     ;MH    0134 V V 07JAN2320 0530 08JAN;OK02;HK02;M ;0;333;;;30K;I ;;ET;0810 ;N;4001;AU;MY;M 
FINEST :H-004;006OKUL;KUALA LUMPUR     ;LHR;LONDON LHR       ;MH    0004 V V 10JAN0900 1525 10JAN;OK02;HK02;M ;0;359;;;30K;M ;;ET;1425 ;N;6592;MY;GB;4 
FINEST :K-
FINEST :KN-IGBP283.00     ;;;;;;;;;;;;GBP909.71     ;;;
FINEST :KNTI; GBP388.00   YQ AC; GBP12.00    YQ AD; GBP4.00     YR VA; GBP78.00    GB AD; GBP44.91    UB AS; GBP27.40    MY EB; GBP0.40     H8 GO; GBP34.80    WY DE; GBP33.60    AU DP; GBP1.80     WG SE; GBP1.80     WG VY;;;;;;;;;;;;;;;;;;;;;;;;;;;;;;;;;;;;;;;;;;;;;;;;;;
FINEST :KS-IGBP283.00     ;;;;;;;;;;;;GBP909.71     ;;;
FINEST :KSTI; GBP388.00   YQ AC; GBP12.00    YQ AD; GBP4.00     YR VA; GBP78.00    GB AD; GBP44.91    UB AS; GBP27.40    MY EB; GBP0.40     H8 GO; GBP34.80    WY DE; GBP33.60    AU DP; GBP1.80     WG SE; GBP1.80     WG VY;;;;;;;;;;;;;;;;;;;;;;;;;;;;;;;;;;;;;;;;;;;;;;;;;;
FINEST :TAX-GBP388.00   YQ ;GBP12.00    YQ ;GBP226.71   XT ;
FINEST :SIAI;;IT
FINEST :L-
FINEST :M-VLSTAGB        ;VLSTAGB        ;VLSTAGB        ;VLSTAGB        
FINEST :O-10DEC10DEC;12DEC12DEC;07JAN07JAN;10JAN10JAN
FINEST :Q-LON MH X/KUL MH BNE M/IT MH KUL MH LON M/IT END XT4.00YR78.00GB44.91UB27.40MY0.40H834.80WY33.60AU1.80WG1.80WG;FXB/R,U
FINEST :I-001;01CAMBELL/CHRISTOPHER MR;;AP0844 826 0833//SHARRON CONNOR//***BOOKING CONFIRMED**;;
FINEST :SSR WCHR MH  HK2/NON MEDA CLIENT HAS ARTHRITIS;S3;P1-2
FINEST :SSR WCHR MH  HK2/NON MEDA CLIENT HAS ARTHRITIS;S4;P1-2
FINEST :SSR WCHR MH  HK2/NON MEDA CLIENT HAS ARTHRITIS;S5;P1-2
FINEST :SSR WCHR MH  HK2/NON MEDA CLIENT HAS ARTHRITIS;S6;P1-2
FINEST :S-01/S20K.N;/S19A.N;/S17A.N;/S21A.N
FINEST :T-K232-2572205075
FINEST :FENONEND-SUBJ TO PENALTY;S3-6;P1-2
FINEST :FM*F*0.00;S3-6;P1-2
FINEST :FPNONREFAGTZ1176848
FINEST :FV*F*MH;S3-6;P1-2
FINEST :TKOK19JUL/LONVM3101//ETMH
FINEST :RM ##DX
FINEST :I-002;02CAMBELL/SANDRA MRS;;AP0844 826 0833//SHARRON CONNOR//***BOOKING CONFIRMED**;;
FINEST :SSR WCHR MH  HK2/NON MEDA CLIENT HAS ARTHRITIS;S3;P1-2
FINEST :SSR WCHR MH  HK2/NON MEDA CLIENT HAS ARTHRITIS;S4;P1-2
FINEST :SSR WCHR MH  HK2/NON MEDA CLIENT HAS ARTHRITIS;S5;P1-2
FINEST :SSR WCHR MH  HK2/NON MEDA CLIENT HAS ARTHRITIS;S6;P1-2
FINEST :S-02/S20J.N;/S19C.N;/S17C.N;/S21B.N
FINEST :T-K232-2572205076
FINEST :FENONEND-SUBJ TO PENALTY;S3-6;P1-2
FINEST :FM*F*0.00;S3-6;P1-2
FINEST :FPNONREFAGTZ1176848
FINEST :FV*F*MH;S3-6;P1-2
FINEST :TKOK19JUL/LONVM3101//ETMH
FINEST :RM ##DX
FINEST :ENDX
FINE :pos of 9th semicolon in muc1a is 87
FINE :iata num 91234161
FINE :pos1 for LONFC is -1
FINE :pos1 for LONSH is -1
FINE :pos1 for LONVM is 21
FINE :pseudocity code 3101
FINE :recTicketAgent JO
FINE :tktIssueYear 18
FINE :tktIssueYear 2018
FINE :recTicketDate 180719
FINE :recPNRdate 180718
FINE :recDeptDate 10DEC
FINE :depYear 2018
FINE :recDeptDate 10DEC18
FINEST :KN-I or KN-B recSellingFare 283.00
FINE :recPublishedFare 0
FINE :recSellingFare 283.00
FINE :exchange and tax both not found
FINE :recGBtax 78.00
FINE :recUBtax 44.91
FINE :recRemainTax 503.80
FINE :recOtherTaxes  GBP388.00   YQ AC; GBP12.00    YQ AD; GBP4.00     YR VA; GBP27.40    MY EB; GBP0.40     H8 GO; GBP34.80    WY DE; GBP33.60    AU DP; GBP1.80     WG SE; GBP1.80     WG VY;
FINE :recPublishedFare 0
FINE :recSellingFare 283.00
FINEST :inside T-
FINEST :T- line : T-K232-2572205075
FINE :recTicketNo 2572205075
FINE :maxConjTktNum 2572205075
FINE :noOfConjTkts 1
FINEST :inside FP or RM record FP
FINEST :first 6 char: FPNONR
FINEST :inside FP
FINEST :FP line : FPNONREFAGTZ1176848
FINE : FP group is Z
FINE : FP booking ref is 1176848
FINEST :inside FP or RM record RM
FINEST :first 6 char: RM ##D
FINEST :inside RM
FINEST :RM line : RM ##DX
FINEST :pax:1 CAMBELL/CHRISTOPHER MR tkt:2572205075
FINE :Booking Ref no before calling tlink is 1176848
FINE :group before calling tlink is Z
FINE :pnr OD47X2
FINE :pnrdate 180718
FINE :recPseudoCityCode 3101
FINE :specialistPseudoList 38HJ,33CI,33MV,38TW,38TI,38TS,38JT,3100,3101,31FS
FINE :inside HJ
FINE :commamt debug 1 0.00
FINE :commpct debug 1 0.0
FINE :commamt debug 2 0.00
FINE :commpct debug 2 0.0
FINEST :EMDfound:false
FINEST :noOfTkts:1
FINE :recTicketDate 180719
FINEST :ins rec, pnr:OD47X2 dep:Mon Dec 10 00:00:00 GMT+01:00 2018 origtkt:2572205075 tkt:2572205075 air:232 br:AAIR bkg:1176848 seas:Y18 etkt:Y ag:JO tour: pubamt:0 selamt:283.00 cmamt:0 cmpct:0 IATA:91234161 tktdt:Thu Jul 19 00:00:00 GMT+01:00 2018 numpax:1 gbtax:78.00 remtax:503.80 ubtax:44.91 ccy: city:3101 paxtype:AD pax:CAMBELL/CHRISTOPHER MR i/u:I exc: fb:VLSTAGB cj:N tickettype:K othertaxes: GBP388.00   YQ AC; GBP12.00    YQ AD; GBP4.00     YR VA; GBP27.40    MY EB; GBP0.40     H8 GO; GBP34.80    WY DE; GBP33.60    AU DP; GBP1.80     WG SE; GBP1.80     WG VY; grp:Z
FINEST :inside T-
FINEST :T- line : T-K232-2572205076
FINE :recTicketNo 2572205076
FINE :maxConjTktNum 2572205076
FINE :noOfConjTkts 1
FINEST :inside FP or RM record FP
FINEST :first 6 char: FPNONR
FINEST :inside FP
FINEST :FP line : FPNONREFAGTZ1176848
FINE : FP group is Z
FINE : FP booking ref is 1176848
FINEST :inside FP or RM record RM
FINEST :first 6 char: RM ##D
FINEST :inside RM
FINEST :RM line : RM ##DX
FINEST :pax:2 CAMBELL/SANDRA MRS tkt:2572205076
FINE :Booking Ref no before calling tlink is 1176848
FINE :group before calling tlink is Z
FINE :pnr OD47X2
FINE :pnrdate 180718
FINE :recPseudoCityCode 3101
FINE :specialistPseudoList 38HJ,33CI,33MV,38TW,38TI,38TS,38JT,3100,3101,31FS
FINE :inside HJ
FINE :commamt debug 1 0.00
FINE :commpct debug 1 0
FINE :commamt debug 2 0.00
FINE :commpct debug 2 0
FINEST :EMDfound:false
FINEST :noOfTkts:1
FINE :recTicketDate 180719
FINEST :ins rec, pnr:OD47X2 dep:Mon Dec 10 00:00:00 GMT+01:00 2018 origtkt:2572205076 tkt:2572205076 air:232 br:AAIR bkg:1176848 seas:Y18 etkt:Y ag:JO tour: pubamt:0 selamt:283.00 cmamt:0 cmpct:0 IATA:91234161 tktdt:Thu Jul 19 00:00:00 GMT+01:00 2018 numpax:1 gbtax:78.00 remtax:503.80 ubtax:44.91 ccy: city:3101 paxtype:AD pax:CAMBELL/SANDRA MRS i/u:U exc: fb:VLSTAGB cj:N tickettype:K othertaxes: GBP388.00   YQ AC; GBP12.00    YQ AD; GBP4.00     YR VA; GBP27.40    MY EB; GBP0.40     H8 GO; GBP34.80    WY DE; GBP33.60    AU DP; GBP1.80     WG SE; GBP1.80     WG VY; grp:Z
FINE :/Oracle/SECTOR/data/reports/stella/airfiles/spec0462119.AIR processed OK
FINE :
INFO :File 2 :/Oracle/SECTOR/data/reports/stella/airfiles/spec0462123.AIR 2872 bytes at:Mon Sep 10 10:45:12 GMT+01:00 2018
FINEST :F:spec0462123.AIR
FINEST :AIR-BLK207;7A;;233;0000000000;1A1260903;001001
FINEST :AMD 1900873792;1/1;              
FINEST :1A1353113;1A1260903
FINEST :MUC1A OD47X2019;0202;LONVM3101;91234161;LONVM3101;91234161;LONVM3101;91234161;LONVM3101;91234161;01;;;;;;;;;;;;;;;;;;;;;MH OD47X2
FINEST :A-MALAYSIA AIRLINES;MH 2321
FINEST :B-TTP/RT
FINEST :C-7906/ 5062SCGS-3056JOSU-F-N--
FINEST :D-180718;180719;180719
FINEST :G-X  ;;LONLON;
FINEST :H-001;003OLHR;LONDON LHR       ;KUL;KUALA LUMPUR     ;MH    0001 V V 10DEC2125 1825 11DEC;OK02;HK02;M ;0;359;;;30K;4 ;;ET;1300 ;N;6592;GB;MY;M 
FINEST :H-002;004XKUL;KUALA LUMPUR     ;BNE;BRISBANE         ;MH    0135 V V 12DEC0950 2015 12DEC;OK02;HK02;M ;0;333;;;30K;M ;;ET;0825 ;N;4001;MY;AU;I 
FINEST :H-003;005OBNE;BRISBANE         ;KUL;KUALA LUMPUR     ;MH    0134 V V 07JAN2320 0530 08JAN;OK02;HK02;M ;0;333;;;30K;I ;;ET;0810 ;N;4001;AU;MY;M 
FINEST :H-004;006OKUL;KUALA LUMPUR     ;LHR;LONDON LHR       ;MH    0004 V V 10JAN0900 1525 10JAN;OK02;HK02;M ;0;359;;;30K;M ;;ET;1425 ;N;6592;MY;GB;4 
FINEST :K-
FINEST :KN-IGBP283.00     ;;;;;;;;;;;;GBP909.71     ;;;
FINEST :KNTI; GBP388.00   YQ AC; GBP12.00    YQ AD; GBP4.00     YR VA; GBP78.00    GB AD; GBP44.91    UB AS; GBP27.40    MY EB; GBP0.40     H8 GO; GBP34.80    WY DE; GBP33.60    AU DP; GBP1.80     WG SE; GBP1.80     WG VY;;;;;;;;;;;;;;;;;;;;;;;;;;;;;;;;;;;;;;;;;;;;;;;;;;
FINEST :KS-IGBP283.00     ;;;;;;;;;;;;GBP909.71     ;;;
FINEST :KSTI; GBP388.00   YQ AC; GBP12.00    YQ AD; GBP4.00     YR VA; GBP78.00    GB AD; GBP44.91    UB AS; GBP27.40    MY EB; GBP0.40     H8 GO; GBP34.80    WY DE; GBP33.60    AU DP; GBP1.80     WG SE; GBP1.80     WG VY;;;;;;;;;;;;;;;;;;;;;;;;;;;;;;;;;;;;;;;;;;;;;;;;;;
FINEST :TAX-GBP388.00   YQ ;GBP12.00    YQ ;GBP226.71   XT ;
FINEST :SIAI;;IT
FINEST :L-
FINEST :M-VLSTAGB        ;VLSTAGB        ;VLSTAGB        ;VLSTAGB        
FINEST :O-10DEC10DEC;12DEC12DEC;07JAN07JAN;10JAN10JAN
FINEST :Q-LON MH X/KUL MH BNE M/IT MH KUL MH LON M/IT END XT4.00YR78.00GB44.91UB27.40MY0.40H834.80WY33.60AU1.80WG1.80WG;FXB/R,U
FINEST :I-001;01CAMBELL/CHRISTOPHER MR;;AP0844 826 0833//SHARRON CONNOR//***BOOKING CONFIRMED**;;
FINEST :SSR WCHR MH  HK2/NON MEDA CLIENT HAS ARTHRITIS;S3;P1-2
FINEST :SSR WCHR MH  HK2/NON MEDA CLIENT HAS ARTHRITIS;S4;P1-2
FINEST :SSR WCHR MH  HK2/NON MEDA CLIENT HAS ARTHRITIS;S5;P1-2
FINEST :SSR WCHR MH  HK2/NON MEDA CLIENT HAS ARTHRITIS;S6;P1-2
FINEST :S-01/S20K.N;/S19A.N;/S17A.N;/S21A.N
FINEST :T-K232-2572205081
FINEST :FENONEND-SUBJ TO PENALTY;S3-6;P1-2
FINEST :FM*F*0.00;S3-6;P1-2
FINEST :FPNONREFAGTZ1189915
FINEST :FV*F*MH;S3-6;P1-2
FINEST :TKOK19JUL/LONVM3101//ETMH
FINEST :RM ##DX
FINEST :I-002;02CAMBELL/SANDRA MRS;;AP0844 826 0833//SHARRON CONNOR//***BOOKING CONFIRMED**;;
FINEST :SSR WCHR MH  HK2/NON MEDA CLIENT HAS ARTHRITIS;S3;P1-2
FINEST :SSR WCHR MH  HK2/NON MEDA CLIENT HAS ARTHRITIS;S4;P1-2
FINEST :SSR WCHR MH  HK2/NON MEDA CLIENT HAS ARTHRITIS;S5;P1-2
FINEST :SSR WCHR MH  HK2/NON MEDA CLIENT HAS ARTHRITIS;S6;P1-2
FINEST :S-02/S20J.N;/S19C.N;/S17C.N;/S21B.N
FINEST :T-K232-2572205082
FINEST :FENONEND-SUBJ TO PENALTY;S3-6;P1-2
FINEST :FM*F*0.00;S3-6;P1-2
FINEST :FPNONREFAGTZ1189915
FINEST :FV*F*MH;S3-6;P1-2
FINEST :TKOK19JUL/LONVM3101//ETMH
FINEST :RM ##DX
FINEST :ENDX
FINE :pos of 9th semicolon in muc1a is 87
FINE :iata num 91234161
FINE :pos1 for LONFC is -1
FINE :pos1 for LONSH is -1
FINE :pos1 for LONVM is 21
FINE :pseudocity code 3101
FINE :recTicketAgent JO
FINE :tktIssueYear 18
FINE :tktIssueYear 2018
FINE :recTicketDate 180719
FINE :recPNRdate 180718
FINE :recDeptDate 10DEC
FINE :depYear 2018
FINE :recDeptDate 10DEC18
FINEST :KN-I or KN-B recSellingFare 283.00
FINE :recPublishedFare 0
FINE :recSellingFare 283.00
FINE :exchange and tax both not found
FINE :recGBtax 78.00
FINE :recUBtax 44.91
FINE :recRemainTax 503.80
FINE :recOtherTaxes  GBP388.00   YQ AC; GBP12.00    YQ AD; GBP4.00     YR VA; GBP27.40    MY EB; GBP0.40     H8 GO; GBP34.80    WY DE; GBP33.60    AU DP; GBP1.80     WG SE; GBP1.80     WG VY;
FINE :recPublishedFare 0
FINE :recSellingFare 283.00
FINEST :inside T-
FINEST :T- line : T-K232-2572205081
FINE :recTicketNo 2572205081
FINE :maxConjTktNum 2572205081
FINE :noOfConjTkts 1
FINEST :inside FP or RM record FP
FINEST :first 6 char: FPNONR
FINEST :inside FP
FINEST :FP line : FPNONREFAGTZ1189915
FINE : FP group is Z
FINE : FP booking ref is 1189915
FINEST :inside FP or RM record RM
FINEST :first 6 char: RM ##D
FINEST :inside RM
FINEST :RM line : RM ##DX
FINEST :pax:1 CAMBELL/CHRISTOPHER MR tkt:2572205081
FINE :Booking Ref no before calling tlink is 1189915
FINE :group before calling tlink is Z
FINE :pnr OD47X2
FINE :pnrdate 180718
FINE :recPseudoCityCode 3101
FINE :specialistPseudoList 38HJ,33CI,33MV,38TW,38TI,38TS,38JT,3100,3101,31FS
FINE :inside HJ
FINE :commamt debug 1 0.00
FINE :commpct debug 1 0.0
FINE :commamt debug 2 0.00
FINE :commpct debug 2 0.0
FINEST :EMDfound:false
FINEST :noOfTkts:1
FINE :recTicketDate 180719
FINEST :ins rec, pnr:OD47X2 dep:Mon Dec 10 00:00:00 GMT+01:00 2018 origtkt:2572205081 tkt:2572205081 air:232 br:AAIR bkg:1189915 seas:Y18 etkt:Y ag:JO tour: pubamt:0 selamt:283.00 cmamt:0 cmpct:0 IATA:91234161 tktdt:Thu Jul 19 00:00:00 GMT+01:00 2018 numpax:1 gbtax:78.00 remtax:503.80 ubtax:44.91 ccy: city:3101 paxtype:AD pax:CAMBELL/CHRISTOPHER MR i/u:I exc: fb:VLSTAGB cj:N tickettype:K othertaxes: GBP388.00   YQ AC; GBP12.00    YQ AD; GBP4.00     YR VA; GBP27.40    MY EB; GBP0.40     H8 GO; GBP34.80    WY DE; GBP33.60    AU DP; GBP1.80     WG SE; GBP1.80     WG VY; grp:Z
FINEST :inside T-
FINEST :T- line : T-K232-2572205082
FINE :recTicketNo 2572205082
FINE :maxConjTktNum 2572205082
FINE :noOfConjTkts 1
FINEST :inside FP or RM record FP
FINEST :first 6 char: FPNONR
FINEST :inside FP
FINEST :FP line : FPNONREFAGTZ1189915
FINE : FP group is Z
FINE : FP booking ref is 1189915
FINEST :inside FP or RM record RM
FINEST :first 6 char: RM ##D
FINEST :inside RM
FINEST :RM line : RM ##DX
FINEST :pax:2 CAMBELL/SANDRA MRS tkt:2572205082
FINE :Booking Ref no before calling tlink is 1189915
FINE :group before calling tlink is Z
FINE :pnr OD47X2
FINE :pnrdate 180718
FINE :recPseudoCityCode 3101
FINE :specialistPseudoList 38HJ,33CI,33MV,38TW,38TI,38TS,38JT,3100,3101,31FS
FINE :inside HJ
FINE :commamt debug 1 0.00
FINE :commpct debug 1 0
FINE :commamt debug 2 0.00
FINE :commpct debug 2 0
FINEST :EMDfound:false
FINEST :noOfTkts:1
FINE :recTicketDate 180719
FINEST :ins rec, pnr:OD47X2 dep:Mon Dec 10 00:00:00 GMT+01:00 2018 origtkt:2572205082 tkt:2572205082 air:232 br:AAIR bkg:1189915 seas:Y18 etkt:Y ag:JO tour: pubamt:0 selamt:283.00 cmamt:0 cmpct:0 IATA:91234161 tktdt:Thu Jul 19 00:00:00 GMT+01:00 2018 numpax:1 gbtax:78.00 remtax:503.80 ubtax:44.91 ccy: city:3101 paxtype:AD pax:CAMBELL/SANDRA MRS i/u:U exc: fb:VLSTAGB cj:N tickettype:K othertaxes: GBP388.00   YQ AC; GBP12.00    YQ AD; GBP4.00     YR VA; GBP27.40    MY EB; GBP0.40     H8 GO; GBP34.80    WY DE; GBP33.60    AU DP; GBP1.80     WG SE; GBP1.80     WG VY; grp:Z
FINE :/Oracle/SECTOR/data/reports/stella/airfiles/spec0462123.AIR processed OK
FINE :
INFO :File 3 :/Oracle/SECTOR/data/reports/stella/airfiles/spec0462134.AIR 2613 bytes at:Mon Sep 10 10:45:12 GMT+01:00 2018
FINEST :F:spec0462134.AIR
FINEST :AIR-BLK207;7A;;231;0000000000;1A1260903;001001
FINEST :AMD 1900873803;1/3;              
FINEST :GW4477951;1A1260903
FINEST :MUC1A QSULRU008;0402;LONFC38HJ;91278401;LONFC38HJ;91278401;LONFC38HJ;91278401;LONFC38HJ;91278401;;;;;;;;;;;;;;;;;;;;;;AA KSOQZY
FINEST :A-AMERICAN AIRLINES;AA 0011
FINEST :B-TTP/RT
FINEST :C-7906/ 2235CCGS-2488CLSU-F-N--
FINEST :D-180719;180719;180719
FINEST :G-X  ;;LONLON;
FINEST :H-001;005OLGW;LONDON GATWICK   ;MCO;ORLANDO INT      ;AA    6206 O O 05DEC1135 1625 05DEC;OK02;HK02;M ;0;777;;;1PC;S ;;ET;0950 ;N;4354;GB;US;
FINEST :Y-001;005LGW;LONDON GATWICK;MCO;ORLANDO INT;BA;BRITISH AIRWAYS;;;;;777;N
FINEST :H-002;006OMCO;ORLANDO INT      ;LGW;LONDON GATWICK   ;AA    6205 O O 26DEC1825 0730 27DEC;OK02;HK02;M ;0;777;;;1PC;;;ET;0805 ;N;4354;US;GB;S 
FINEST :Y-002;006MCO;ORLANDO INT;LGW;LONDON GATWICK;BA;BRITISH AIRWAYS;;;;;777;N
FINEST :K-
FINEST :KN-IGBP27.00      ;;;;;;;;;;;;GBP369.96     ;;;
FINEST :KNTI; GBP203.00   YR VB; GBP78.00    GB AD; GBP13.96    UB AS; GBP4.30     YC AE; GBP13.90    US AP; GBP13.90    US AS; GBP3.00     XA CO; GBP5.30     XY CR; GBP4.20     AY SE; GBP3.40     XF   ;;;;;;;;;;;;;;;;;;;;;;;;;;;;;;;;;;;;;;;;;;;;;;;;;;;
FINEST :KS-IGBP27.00      ;;;;;;;;;;;;GBP369.96     ;;;
FINEST :KSTI; GBP203.00   YR VB; GBP78.00    GB AD; GBP13.96    UB AS; GBP4.30     YC AE; GBP13.90    US AP; GBP13.90    US AS; GBP3.00     XA CO; GBP5.30     XY CR; GBP4.20     AY SE; GBP3.40     XF   ;;;;;;;;;;;;;;;;;;;;;;;;;;;;;;;;;;;;;;;;;;;;;;;;;;;
FINEST :TAX-GBP203.00   YR ;GBP78.00    GB ;GBP61.96    XT ;
FINEST :SIAI;;IT
FINEST :L-
FINEST :M-OLN5T1M4UGBT1  ;OLN5T1M4UGBT1  
FINEST :O-05DEC05DEC;26DEC26DEC
FINEST :Q-LON AA ORL M/IT AA LON M/IT END XT13.96UB4.30YC13.90US13.90US3.00XA5.30XY4.20AY3.40XF XF MCO4.5;FXP/P1-3/PAX/RIIT,*PTC,U//P4/RINN
FINEST :I-001;01PEARSON/MARTIN MR;;APLON 01293 845354 - HAYES AND JARVIS - A;;
FINEST :SSR DOCS AA  HK1/////09DEC81/M//PEARSON/MARTIN;P1
FINEST :OSI AA  AAIT
FINEST :T-K001-2572229925
FINEST :FE/C1-2 NON END/NONREF/CHGFEE -BG:AA;S5-6;P1-3
FINEST :FM*F*0.00;S5-6;P1-2
FINEST :FPNONREFAGTL1189992
FINEST :FT*F*GBTO;S5-6;P1-3
FINEST :FV*F*AA;S5-6;P1-3
FINEST :TKOK19JUL/LONFC38HJ//ETAA;S5-6;P1-2,4
FINEST :RM NOTIFY PASSENGER PRIOR TO TICKET PURCHASE & CHECK-IN: FEDERAL LAWS FORBID THE CARRIAGE OF HAZARDOUS MATERIALS - GGAMAUSHAZ;S5-6
FINEST :RM BOOKING REF L1189992
FINEST :I-002;02PEARSON/KATHRYN MRS;;APLON 01293 845354 - HAYES AND JARVIS - A;;
FINEST :SSR DOCS AA  HK1/////15AUG77/F//PEARSON/KATHRYN/EMMA;P2
FINEST :OSI AA  AAIT
FINEST :T-K001-2572229926
FINEST :FE/C1-2 NON END/NONREF/CHGFEE -BG:AA;S5-6;P1-3
FINEST :FM*F*0.00;S5-6;P1-2
FINEST :FPNONREFAGTL1189992
FINEST :FT*F*GBTO;S5-6;P1-3
FINEST :FV*F*AA;S5-6;P1-3
FINEST :TKOK19JUL/LONFC38HJ//ETAA;S5-6;P1-2,4
FINEST :RM NOTIFY PASSENGER PRIOR TO TICKET PURCHASE & CHECK-IN: FEDERAL LAWS FORBID THE CARRIAGE OF HAZARDOUS MATERIALS - GGAMAUSHAZ;S5-6
FINEST :RM BOOKING REF L1189992
FINEST :END
FINE :pos of 9th semicolon in muc1a is 87
FINE :iata num 91278401
FINE :pos1 for LONFC is 21
FINE :pseudocity code 38HJ
FINE :recTicketAgent CL
FINE :tktIssueYear 18
FINE :tktIssueYear 2018
FINE :recTicketDate 180719
FINE :recPNRdate 180719
FINE :recDeptDate 05DEC
FINE :depYear 2018
FINE :recDeptDate 05DEC18
FINEST :KN-I or KN-B recSellingFare 27.00
FINE :recPublishedFare 0
FINE :recSellingFare 27.00
FINE :exchange and tax both not found
FINE :recGBtax 78.00
FINE :recUBtax 13.96
FINE :recRemainTax 251.00
FINE :recOtherTaxes  GBP203.00   YR VB; GBP4.30     YC AE; GBP13.90    US AP; GBP13.90    US AS; GBP3.00     XA CO; GBP5.30     XY CR; GBP4.20     AY SE; GBP3.40     XF   ;
FINE :recPublishedFare 0
FINE :recSellingFare 27.00
FINEST :inside T-
FINEST :T- line : T-K001-2572229925
FINE :recTicketNo 2572229925
FINE :maxConjTktNum 2572229925
FINE :noOfConjTkts 1
FINEST :inside FP or RM record FP
FINEST :first 6 char: FPNONR
FINEST :inside FP
FINEST :FP line : FPNONREFAGTL1189992
FINE : FP group is L
FINE : FP booking ref is 1189992
FINEST :pax:1 PEARSON/MARTIN MR tkt:2572229925
FINE :Booking Ref no before calling tlink is 1189992
FINE :group before calling tlink is L
FINE :pnr QSULRU
FINE :pnrdate 180719
FINE :recPseudoCityCode 38HJ
FINE :specialistPseudoList 38HJ,33CI,33MV,38TW,38TI,38TS,38JT,3100,3101,31FS
FINE :inside HJ
FINE :commamt debug 1 0.00
FINE :commpct debug 1 0.0
FINE :commamt debug 2 0.00
FINE :commpct debug 2 0.0
FINEST :EMDfound:false
FINEST :noOfTkts:1
FINE :recTicketDate 180719
FINEST :ins rec, pnr:QSULRU dep:Wed Dec 05 00:00:00 GMT+01:00 2018 origtkt:2572229925 tkt:2572229925 air:001 br:AAIR bkg:1189992 seas:Y18 etkt:Y ag:CL tour:*F*GBTO pubamt:0 selamt:27.00 cmamt:0 cmpct:0 IATA:91278401 tktdt:Thu Jul 19 00:00:00 GMT+01:00 2018 numpax:1 gbtax:78.00 remtax:251.00 ubtax:13.96 ccy: city:38HJ paxtype:AD pax:PEARSON/MARTIN MR i/u:I exc: fb:OLN5T1M4UGBT1 cj:N tickettype:K othertaxes: GBP203.00   YR VB; GBP4.30     YC AE; GBP13.90    US AP; GBP13.90    US AS; GBP3.00     XA CO; GBP5.30     XY CR; GBP4.20     AY SE; GBP3.40     XF   ; grp:L
FINEST :inside T-
FINEST :T- line : T-K001-2572229926
FINE :recTicketNo 2572229926
FINE :maxConjTktNum 2572229926
FINE :noOfConjTkts 1
FINEST :inside FP or RM record FP
FINEST :first 6 char: FPNONR
FINEST :inside FP
FINEST :FP line : FPNONREFAGTL1189992
FINE : FP group is L
FINE : FP booking ref is 1189992
FINEST :pax:2 PEARSON/KATHRYN MRS tkt:2572229926
FINE :Booking Ref no before calling tlink is 1189992
FINE :group before calling tlink is L
FINE :pnr QSULRU
FINE :pnrdate 180719
FINE :recPseudoCityCode 38HJ
FINE :specialistPseudoList 38HJ,33CI,33MV,38TW,38TI,38TS,38JT,3100,3101,31FS
FINE :inside HJ
FINE :commamt debug 1 0.00
FINE :commpct debug 1 0
FINE :commamt debug 2 0.00
FINE :commpct debug 2 0
FINEST :EMDfound:false
FINEST :noOfTkts:1
FINE :recTicketDate 180719
FINEST :ins rec, pnr:QSULRU dep:Wed Dec 05 00:00:00 GMT+01:00 2018 origtkt:2572229926 tkt:2572229926 air:001 br:AAIR bkg:1189992 seas:Y18 etkt:Y ag:CL tour:*F*GBTO pubamt:0 selamt:27.00 cmamt:0 cmpct:0 IATA:91278401 tktdt:Thu Jul 19 00:00:00 GMT+01:00 2018 numpax:1 gbtax:78.00 remtax:251.00 ubtax:13.96 ccy: city:38HJ paxtype:AD pax:PEARSON/KATHRYN MRS i/u:U exc: fb:OLN5T1M4UGBT1 cj:N tickettype:K othertaxes: GBP203.00   YR VB; GBP4.30     YC AE; GBP13.90    US AP; GBP13.90    US AS; GBP3.00     XA CO; GBP5.30     XY CR; GBP4.20     AY SE; GBP3.40     XF   ; grp:L
FINE :/Oracle/SECTOR/data/reports/stella/airfiles/spec0462134.AIR processed OK
FINE :
INFO :File 4 :/Oracle/SECTOR/data/reports/stella/airfiles/spec0462135.AIR 2097 bytes at:Mon Sep 10 10:45:12 GMT+01:00 2018
FINEST :F:spec0462135.AIR
FINEST :AIR-BLK207;7A;;231;0000000000;1A1260903;001001
FINEST :AMD 1900873804;2/3;              
FINEST :GW4477951;1A1260903
FINEST :MUC1A QSULRU008;0401;LONFC38HJ;91278401;LONFC38HJ;91278401;LONFC38HJ;91278401;LONFC38HJ;91278401;;;;;;;;;;;;;;;;;;;;;;AA KSOQZY
FINEST :A-AMERICAN AIRLINES;AA 0011
FINEST :B-TTP/RT
FINEST :C-7906/ 2235CCGS-2488CLSU-F-N--
FINEST :D-180719;180719;180719
FINEST :G-X  ;;LONLON;
FINEST :H-001;005OLGW;LONDON GATWICK   ;MCO;ORLANDO INT      ;AA    6206 O O 05DEC1135 1625 05DEC;OK01;HK01;M ;0;777;;;1PC;S ;;ET;0950 ;N;4354;GB;US;
FINEST :Y-001;005LGW;LONDON GATWICK;MCO;ORLANDO INT;BA;BRITISH AIRWAYS;;;;;777;N
FINEST :H-002;006OMCO;ORLANDO INT      ;LGW;LONDON GATWICK   ;AA    6205 O O 26DEC1825 0730 27DEC;OK01;HK01;M ;0;777;;;1PC;;;ET;0805 ;N;4354;US;GB;S 
FINEST :Y-002;006MCO;ORLANDO INT;LGW;LONDON GATWICK;BA;BRITISH AIRWAYS;;;;;777;N
FINEST :K-
FINEST :KN-IGBP20.00      ;;;;;;;;;;;;GBP284.96     ;;;
FINEST :KNTI; GBP203.00   YR VB; GBP13.96    UB AS; GBP4.30     YC AE; GBP13.90    US AP; GBP13.90    US AS; GBP3.00     XA CO; GBP5.30     XY CR; GBP4.20     AY SE; GBP3.40     XF   ;;;;;;;;;;;;;;;;;;;;;;;;;;;;;;;;;;;;;;;;;;;;;;;;;;;;
FINEST :KS-IGBP20.00      ;;;;;;;;;;;;GBP284.96     ;;;
FINEST :KSTI; GBP203.00   YR VB; GBP13.96    UB AS; GBP4.30     YC AE; GBP13.90    US AP; GBP13.90    US AS; GBP3.00     XA CO; GBP5.30     XY CR; GBP4.20     AY SE; GBP3.40     XF   ;;;;;;;;;;;;;;;;;;;;;;;;;;;;;;;;;;;;;;;;;;;;;;;;;;;;
FINEST :TAX-GBP203.00   YR ;GBP13.96    UB ;GBP48.00    XT ;
FINEST :SIAI;;IT
FINEST :L-
FINEST :M-OLN5T1M4CGBT1  ;OLN5T1M4CGBT1  
FINEST :O-05DEC05DEC;26DEC26DEC
FINEST :Q-LON AA ORL M/IT AA LON M/IT END XT4.30YC13.90US13.90US3.00XA5.30XY4.20AY3.40XF XF MCO4.5;FXP/P1-3/PAX/RIIT,*PTC,U//P4/RINN
FINEST :I-004;04PEARSON/ALEX MSTR(CHD);;APLON 01293 845354 - HAYES AND JARVIS - A;;
FINEST :SSR CHLD AA  HK1/;P4
FINEST :SSR DOCS AA  HK1/////02AUG07/M//PEARSON/ALEX;P4
FINEST :OSI AA  AAIT
FINEST :T-K001-2572229927
FINEST :FE/C1-2 NON END/NONREF/CHGFEE -BG:AA;S5-6;P4
FINEST :FM*F*0.00;S5-6;P4
FINEST :FPNONREFAGTL1189992
FINEST :FT*F*GBTO;S5-6;P4
FINEST :FV*F*AA;S5-6;P4
FINEST :TKOK19JUL/LONFC38HJ//ETAA;S5-6;P1-2,4
FINEST :RM NOTIFY PASSENGER PRIOR TO TICKET PURCHASE & CHECK-IN: FEDERAL LAWS FORBID THE CARRIAGE OF HAZARDOUS MATERIALS - GGAMAUSHAZ;S5-6
FINEST :RM BOOKING REF L1189992
FINEST :END
FINE :pos of 9th semicolon in muc1a is 87
FINE :iata num 91278401
FINE :pos1 for LONFC is 21
FINE :pseudocity code 38HJ
FINE :recTicketAgent CL
FINE :tktIssueYear 18
FINE :tktIssueYear 2018
FINE :recTicketDate 180719
FINE :recPNRdate 180719
FINE :recDeptDate 05DEC
FINE :depYear 2018
FINE :recDeptDate 05DEC18
FINEST :KN-I or KN-B recSellingFare 20.00
FINE :recPublishedFare 0
FINE :recSellingFare 20.00
FINE :exchange and tax both not found
FINE :recGBtax 0
FINE :recUBtax 13.96
FINE :recRemainTax 251.00
FINE :recOtherTaxes  GBP203.00   YR VB; GBP4.30     YC AE; GBP13.90    US AP; GBP13.90    US AS; GBP3.00     XA CO; GBP5.30     XY CR; GBP4.20     AY SE; GBP3.40     XF   ;
FINE :recPublishedFare 0
FINE :recSellingFare 20.00
FINEST :inside T-
FINEST :T- line : T-K001-2572229927
FINE :recTicketNo 2572229927
FINE :maxConjTktNum 2572229927
FINE :noOfConjTkts 1
FINEST :inside FP or RM record FP
FINEST :first 6 char: FPNONR
FINEST :inside FP
FINEST :FP line : FPNONREFAGTL1189992
FINE : FP group is L
FINE : FP booking ref is 1189992
FINEST :pax:1 PEARSON/ALEX MSTR(CHD) tkt:2572229927
FINE :Booking Ref no before calling tlink is 1189992
FINE :group before calling tlink is L
FINE :pnr QSULRU
FINE :pnrdate 180719
FINE :recPseudoCityCode 38HJ
FINE :specialistPseudoList 38HJ,33CI,33MV,38TW,38TI,38TS,38JT,3100,3101,31FS
FINE :inside HJ
FINE :commamt debug 1 0.00
FINE :commpct debug 1 0.0
FINE :commamt debug 2 0.00
FINE :commpct debug 2 0.0
FINEST :EMDfound:false
FINEST :noOfTkts:1
FINE :recTicketDate 180719
FINEST :ins rec, pnr:QSULRU dep:Wed Dec 05 00:00:00 GMT+01:00 2018 origtkt:2572229927 tkt:2572229927 air:001 br:AAIR bkg:1189992 seas:Y18 etkt:Y ag:CL tour:*F*GBTO pubamt:0 selamt:20.00 cmamt:0 cmpct:0 IATA:91278401 tktdt:Thu Jul 19 00:00:00 GMT+01:00 2018 numpax:1 gbtax:0 remtax:251.00 ubtax:13.96 ccy: city:38HJ paxtype:CH pax:PEARSON/ALEX MSTR(CHD) i/u:I exc: fb:OLN5T1M4CGBT1 cj:N tickettype:K othertaxes: GBP203.00   YR VB; GBP4.30     YC AE; GBP13.90    US AP; GBP13.90    US AS; GBP3.00     XA CO; GBP5.30     XY CR; GBP4.20     AY SE; GBP3.40     XF   ; grp:L
FINE :/Oracle/SECTOR/data/reports/stella/airfiles/spec0462135.AIR processed OK
INFO :
INFO :Files Read:4
INFO :Files in success:4
INFO :Files in recycle:0
INFO :Files in error:0
INFO :Num tkts inserted:7
INFO :COMPLETE Mon Sep 10 10:45:12 GMT+01:00 2018
